<?xml version="1.0" encoding="UTF-8"?>
<testsuite xmlns:xsi="http://www.w3.org/2001/XMLSchema-instance" xsi:noNamespaceSchemaLocation="https://maven.apache.org/surefire/maven-surefire-plugin/xsd/surefire-test-report-3.0.xsd" version="3.0" name="com.example.Fiaraamidy.FiaraAmidyApplicationTests" time="11.971" tests="1" errors="0" skipped="0" failures="0">
  <properties>
[...]
</properties>
  <testcase name="contextLoads" classname="com.example.Fiaraamidy.FiaraAmidyApplicationTests" time="0.581">
    <system-out><![CDATA[19:15:02.086 [main] INFO org.springframework.test.context.support.AnnotationConfigContextLoaderUtils -- Could not detect default configuration classes for test class [com.example.Fiaraamidy.FiaraAmidyApplicationTests]: FiaraAmidyApplicationTests does not declare any static, non-private, non-final, nested classes annotated with @Configuration.
19:15:02.190 [main] INFO org.springframework.boot.test.context.SpringBootTestContextBootstrapper -- Found @SpringBootConfiguration com.example.Fiaraamidy.FiaraAmidyApplication for test class com.example.Fiaraamidy.FiaraAmidyApplicationTests

  .   ____          _            __ _ _
 /\\ / ___'_ __ _ _(_)_ __  __ _ \ \ \ \
( ( )\___ | '_ | '_| | '_ \/ _` | \ \ \ \
 \\/  ___)| |_)| | | | | || (_| |  ) ) ) )
  '  |____| .__|_| |_|_| |_\__, | / / / /
 =========|_|==============|___/=/_/_/_/
 :: Spring Boot ::                (v3.2.2)

2024-03-03T19:15:02.630+03:00  INFO 11788 --- [           main] c.e.F.FiaraAmidyApplicationTests         : Starting FiaraAmidyApplicationTests using Java 17.0.3.1 with PID 11788 (started by Jimmy2038 in D:\IT University\ThawSpace\Projet\Mr Rojo\Back_mobile-back)
2024-03-03T19:15:02.632+03:00  INFO 11788 --- [           main] c.e.F.FiaraAmidyApplicationTests         : No active profile set, falling back to 1 default profile: "default"
2024-03-03T19:15:03.400+03:00  INFO 11788 --- [           main] .s.d.r.c.RepositoryConfigurationDelegate : Multiple Spring Data modules found, entering strict repository configuration mode
2024-03-03T19:15:03.402+03:00  INFO 11788 --- [           main] .s.d.r.c.RepositoryConfigurationDelegate : Bootstrapping Spring Data JPA repositories in DEFAULT mode.
2024-03-03T19:15:03.519+03:00  INFO 11788 --- [           main] .RepositoryConfigurationExtensionSupport : Spring Data JPA - Could not safely identify store assignment for repository candidate interface com.example.Fiaraamidy.repository.DiscussionRepository; If you want this repository to be a JPA repository, consider annotating your entities with one of these annotations: jakarta.persistence.Entity, jakarta.persistence.MappedSuperclass (preferred), or consider extending one of the following types with your repository: org.springframework.data.jpa.repository.JpaRepository
2024-03-03T19:15:03.524+03:00  INFO 11788 --- [           main] .RepositoryConfigurationExtensionSupport : Spring Data JPA - Could not safely identify store assignment for repository candidate interface com.example.Fiaraamidy.repository.MessageRepository; If you want this repository to be a JPA repository, consider annotating your entities with one of these annotations: jakarta.persistence.Entity, jakarta.persistence.MappedSuperclass (preferred), or consider extending one of the following types with your repository: org.springframework.data.jpa.repository.JpaRepository
2024-03-03T19:15:03.553+03:00  INFO 11788 --- [           main] .s.d.r.c.RepositoryConfigurationDelegate : Finished Spring Data repository scanning in 142 ms. Found 11 JPA repository interfaces.
2024-03-03T19:15:03.589+03:00  INFO 11788 --- [           main] .s.d.r.c.RepositoryConfigurationDelegate : Multiple Spring Data modules found, entering strict repository configuration mode
2024-03-03T19:15:03.589+03:00  INFO 11788 --- [           main] .s.d.r.c.RepositoryConfigurationDelegate : Bootstrapping Spring Data MongoDB repositories in DEFAULT mode.
2024-03-03T19:15:03.596+03:00  INFO 11788 --- [           main] .RepositoryConfigurationExtensionSupport : Spring Data MongoDB - Could not safely identify store assignment for repository candidate interface com.example.Fiaraamidy.repository.AnnonceRepository; If you want this repository to be a MongoDB repository, consider annotating your entities with one of these annotations: org.springframework.data.mongodb.core.mapping.Document (preferred), or consider extending one of the following types with your repository: org.springframework.data.mongodb.repository.MongoRepository
2024-03-03T19:15:03.597+03:00  INFO 11788 --- [           main] .RepositoryConfigurationExtensionSupport : Spring Data MongoDB - Could not safely identify store assignment for repository candidate interface com.example.Fiaraamidy.repository.EnergieRepository; If you want this repository to be a MongoDB repository, consider annotating your entities with one of these annotations: org.springframework.data.mongodb.core.mapping.Document (preferred), or consider extending one of the following types with your repository: org.springframework.data.mongodb.repository.MongoRepository
2024-03-03T19:15:03.597+03:00  INFO 11788 --- [           main] .RepositoryConfigurationExtensionSupport : Spring Data MongoDB - Could not safely identify store assignment for repository candidate interface com.example.Fiaraamidy.repository.FavorisRepository; If you want this repository to be a MongoDB repository, consider annotating your entities with one of these annotations: org.springframework.data.mongodb.core.mapping.Document (preferred), or consider extending one of the following types with your repository: org.springframework.data.mongodb.repository.MongoRepository
2024-03-03T19:15:03.597+03:00  INFO 11788 --- [           main] .RepositoryConfigurationExtensionSupport : Spring Data MongoDB - Could not safely identify store assignment for repository candidate interface com.example.Fiaraamidy.repository.MarqueRepository; If you want this repository to be a MongoDB repository, consider annotating your entities with one of these annotations: org.springframework.data.mongodb.core.mapping.Document (preferred), or consider extending one of the following types with your repository: org.springframework.data.mongodb.repository.MongoRepository
2024-03-03T19:15:03.598+03:00  INFO 11788 --- [           main] .RepositoryConfigurationExtensionSupport : Spring Data MongoDB - Could not safely identify store assignment for repository candidate interface com.example.Fiaraamidy.repository.ModelRepository; If you want this repository to be a MongoDB repository, consider annotating your entities with one of these annotations: org.springframework.data.mongodb.core.mapping.Document (preferred), or consider extending one of the following types with your repository: org.springframework.data.mongodb.repository.MongoRepository
2024-03-03T19:15:03.598+03:00  INFO 11788 --- [           main] .RepositoryConfigurationExtensionSupport : Spring Data MongoDB - Could not safely identify store assignment for repository candidate interface com.example.Fiaraamidy.repository.PhotoAnnonceRepository; If you want this repository to be a MongoDB repository, consider annotating your entities with one of these annotations: org.springframework.data.mongodb.core.mapping.Document (preferred), or consider extending one of the following types with your repository: org.springframework.data.mongodb.repository.MongoRepository
2024-03-03T19:15:03.598+03:00  INFO 11788 --- [           main] .RepositoryConfigurationExtensionSupport : Spring Data MongoDB - Could not safely identify store assignment for repository candidate interface com.example.Fiaraamidy.repository.StatistiqueVenteRepository; If you want this repository to be a MongoDB repository, consider annotating your entities with one of these annotations: org.springframework.data.mongodb.core.mapping.Document (preferred), or consider extending one of the following types with your repository: org.springframework.data.mongodb.repository.MongoRepository
2024-03-03T19:15:03.599+03:00  INFO 11788 --- [           main] .RepositoryConfigurationExtensionSupport : Spring Data MongoDB - Could not safely identify store assignment for repository candidate interface com.example.Fiaraamidy.repository.TokenRepository; If you want this repository to be a MongoDB repository, consider annotating your entities with one of these annotations: org.springframework.data.mongodb.core.mapping.Document (preferred), or consider extending one of the following types with your repository: org.springframework.data.mongodb.repository.MongoRepository
2024-03-03T19:15:03.599+03:00  INFO 11788 --- [           main] .RepositoryConfigurationExtensionSupport : Spring Data MongoDB - Could not safely identify store assignment for repository candidate interface com.example.Fiaraamidy.repository.TransmissionRepository; If you want this repository to be a MongoDB repository, consider annotating your entities with one of these annotations: org.springframework.data.mongodb.core.mapping.Document (preferred), or consider extending one of the following types with your repository: org.springframework.data.mongodb.repository.MongoRepository
2024-03-03T19:15:03.599+03:00  INFO 11788 --- [           main] .RepositoryConfigurationExtensionSupport : Spring Data MongoDB - Could not safely identify store assignment for repository candidate interface com.example.Fiaraamidy.repository.UtilisateurRepository; If you want this repository to be a MongoDB repository, consider annotating your entities with one of these annotations: org.springframework.data.mongodb.core.mapping.Document (preferred), or consider extending one of the following types with your repository: org.springframework.data.mongodb.repository.MongoRepository
2024-03-03T19:15:03.599+03:00  INFO 11788 --- [           main] .RepositoryConfigurationExtensionSupport : Spring Data MongoDB - Could not safely identify store assignment for repository candidate interface com.example.Fiaraamidy.repository.VenteMarqueRepository; If you want this repository to be a MongoDB repository, consider annotating your entities with one of these annotations: org.springframework.data.mongodb.core.mapping.Document (preferred), or consider extending one of the following types with your repository: org.springframework.data.mongodb.repository.MongoRepository
2024-03-03T19:15:03.605+03:00  INFO 11788 --- [           main] .s.d.r.c.RepositoryConfigurationDelegate : Finished Spring Data repository scanning in 15 ms. Found 2 MongoDB repository interfaces.
2024-03-03T19:15:04.165+03:00  INFO 11788 --- [           main] com.zaxxer.hikari.HikariDataSource       : HikariPool-1 - Starting...
2024-03-03T19:15:08.227+03:00  INFO 11788 --- [           main] com.zaxxer.hikari.pool.HikariPool        : HikariPool-1 - Added connection org.postgresql.jdbc.PgConnection@39f42d0e
2024-03-03T19:15:08.230+03:00  INFO 11788 --- [           main] com.zaxxer.hikari.HikariDataSource       : HikariPool-1 - Start completed.
2024-03-03T19:15:08.279+03:00  INFO 11788 --- [           main] o.hibernate.jpa.internal.util.LogHelper  : HHH000204: Processing PersistenceUnitInfo [name: default]
2024-03-03T19:15:08.332+03:00  INFO 11788 --- [           main] org.hibernate.Version                    : HHH000412: Hibernate ORM core version 6.4.1.Final
2024-03-03T19:15:08.369+03:00  INFO 11788 --- [           main] o.h.c.internal.RegionFactoryInitiator    : HHH000026: Second-level cache disabled
2024-03-03T19:15:08.611+03:00  INFO 11788 --- [           main] o.s.o.j.p.SpringPersistenceUnitInfo      : No LoadTimeWeaver setup: ignoring JPA class transformer
2024-03-03T19:15:09.002+03:00  WARN 11788 --- [           main] org.hibernate.orm.deprecation            : HHH90000025: PostgreSQLDialect does not need to be specified explicitly using 'hibernate.dialect' (remove the property setting and it will be selected by default)
2024-03-03T19:15:10.594+03:00  INFO 11788 --- [           main] o.h.e.t.j.p.i.JtaPlatformInitiator       : HHH000489: No JTA platform available (set 'hibernate.transaction.jta.platform' to enable JTA platform integration)
2024-03-03T19:15:10.597+03:00  INFO 11788 --- [           main] j.LocalContainerEntityManagerFactoryBean : Initialized JPA EntityManagerFactory for persistence unit 'default'
2024-03-03T19:15:11.376+03:00  INFO 11788 --- [           main] org.mongodb.driver.client                : MongoClient with metadata {"application": {"name": "Cluster0"}, "driver": {"name": "mongo-java-driver|sync|spring-boot", "version": "4.11.1"}, "os": {"type": "Windows", "name": "Windows 11", "architecture": "amd64", "version": "10.0"}, "platform": "Java/Oracle Corporation/17.0.3.1+2-LTS-6"} created with settings MongoClientSettings{readPreference=primary, writeConcern=WriteConcern{w=majority, wTimeout=null ms, journal=null}, retryWrites=true, retryReads=true, readConcern=ReadConcern{level=null}, credential=MongoCredential{mechanism=null, userName='Jimmy', source='admin', password=<hidden>, mechanismProperties=<hidden>}, transportSettings=null, streamFactoryFactory=null, commandListeners=[], codecRegistry=ProvidersCodecRegistry{codecProviders=[ValueCodecProvider{}, BsonValueCodecProvider{}, DBRefCodecProvider{}, DBObjectCodecProvider{}, DocumentCodecProvider{}, CollectionCodecProvider{}, IterableCodecProvider{}, MapCodecProvider{}, GeoJsonCodecProvider{}, GridFSFileCodecProvider{}, Jsr310CodecProvider{}, JsonObjectCodecProvider{}, BsonCodecProvider{}, EnumCodecProvider{}, com.mongodb.client.model.mql.ExpressionCodecProvider@19ce597a, com.mongodb.Jep395RecordCodecProvider@4d21b505, com.mongodb.KotlinCodecProvider@20e25bf7]}, loggerSettings=LoggerSettings{maxDocumentLength=1000}, clusterSettings={hosts=[127.0.0.1:27017], srvHost=cluster0.8unwrcn.mongodb.net, srvServiceName=mongodb, mode=MULTIPLE, requiredClusterType=REPLICA_SET, requiredReplicaSetName='atlas-12nx8u-shard-0', serverSelector='null', clusterListeners='[]', serverSelectionTimeout='30000 ms', localThreshold='15 ms'}, socketSettings=SocketSettings{connectTimeoutMS=10000, readTimeoutMS=0, receiveBufferSize=0, proxySettings=ProxySettings{host=null, port=null, username=null, password=null}}, heartbeatSocketSettings=SocketSettings{connectTimeoutMS=10000, readTimeoutMS=10000, receiveBufferSize=0, proxySettings=ProxySettings{host=null, port=null, username=null, password=null}}, connectionPoolSettings=ConnectionPoolSettings{maxSize=100, minSize=0, maxWaitTimeMS=120000, maxConnectionLifeTimeMS=0, maxConnectionIdleTimeMS=0, maintenanceInitialDelayMS=0, maintenanceFrequencyMS=60000, connectionPoolListeners=[], maxConnecting=2}, serverSettings=ServerSettings{heartbeatFrequencyMS=10000, minHeartbeatFrequencyMS=500, serverListeners='[]', serverMonitorListeners='[]'}, sslSettings=SslSettings{enabled=true, invalidHostNameAllowed=false, context=null}, applicationName='Cluster0', compressorList=[], uuidRepresentation=JAVA_LEGACY, serverApi=null, autoEncryptionSettings=null, dnsClient=null, inetAddressResolver=null, contextProvider=null}
2024-03-03T19:15:11.752+03:00  INFO 11788 --- [rcn.mongodb.net] org.mongodb.driver.cluster               : Adding discovered server ac-gpkfj7n-shard-00-02.8unwrcn.mongodb.net:27017 to client view of cluster
2024-03-03T19:15:11.781+03:00  INFO 11788 --- [rcn.mongodb.net] org.mongodb.driver.cluster               : Adding discovered server ac-gpkfj7n-shard-00-00.8unwrcn.mongodb.net:27017 to client view of cluster
2024-03-03T19:15:11.783+03:00  INFO 11788 --- [rcn.mongodb.net] org.mongodb.driver.cluster               : Adding discovered server ac-gpkfj7n-shard-00-01.8unwrcn.mongodb.net:27017 to client view of cluster
2024-03-03T19:15:12.226+03:00  INFO 11788 --- [           main] c.e.Fiaraamidy.service.FCMInitializer    : Firebase application has been initialized
2024-03-03T19:15:12.260+03:00  WARN 11788 --- [           main] JpaBaseConfiguration$JpaWebConfiguration : spring.jpa.open-in-view is enabled by default. Therefore, database queries may be performed during view rendering. Explicitly configure spring.jpa.open-in-view to disable this warning
2024-03-03T19:15:12.283+03:00  WARN 11788 --- [           main] .s.s.UserDetailsServiceAutoConfiguration : 

Using generated security password: 15a35032-f81c-44c6-bf5f-d1e5cf3fe4e9

This generated password is for development use only. Your security configuration must be updated before running your application in production.

2024-03-03T19:15:12.353+03:00  INFO 11788 --- [ngodb.net:27017] org.mongodb.driver.cluster               : Monitor thread successfully connected to server with description ServerDescription{address=ac-gpkfj7n-shard-00-00.8unwrcn.mongodb.net:27017, type=REPLICA_SET_SECONDARY, state=CONNECTED, ok=true, minWireVersion=0, maxWireVersion=17, maxDocumentSize=16777216, logicalSessionTimeoutMinutes=30, roundTripTimeNanos=196965301, setName='atlas-12nx8u-shard-0', canonicalAddress=ac-gpkfj7n-shard-00-00.8unwrcn.mongodb.net:27017, hosts=[ac-gpkfj7n-shard-00-02.8unwrcn.mongodb.net:27017, ac-gpkfj7n-shard-00-00.8unwrcn.mongodb.net:27017, ac-gpkfj7n-shard-00-01.8unwrcn.mongodb.net:27017], passives=[], arbiters=[], primary='ac-gpkfj7n-shard-00-02.8unwrcn.mongodb.net:27017', tagSet=TagSet{[Tag{name='availabilityZone', value='afs1-az1'}, Tag{name='diskState', value='READY'}, Tag{name='nodeType', value='ELECTABLE'}, Tag{name='provider', value='AWS'}, Tag{name='region', value='AF_SOUTH_1'}, Tag{name='workloadType', value='OPERATIONAL'}]}, electionId=null, setVersion=3, topologyVersion=TopologyVersion{processId=65df785e41072727ec716dfb, counter=4}, lastWriteDate=Sun Mar 03 19:15:14 EAT 2024, lastUpdateTimeNanos=8677145310100}
2024-03-03T19:15:12.577+03:00  INFO 11788 --- [           main] o.s.s.web.DefaultSecurityFilterChain     : Will secure any request with [org.springframework.security.web.session.DisableEncodeUrlFilter@4acae4c7, org.springframework.security.web.context.request.async.WebAsyncManagerIntegrationFilter@1c7da28, org.springframework.security.web.context.SecurityContextHolderFilter@6f8b1902, org.springframework.security.web.header.HeaderWriterFilter@6ca6cc1c, org.springframework.web.filter.CorsFilter@4832813d, org.springframework.security.web.authentication.logout.LogoutFilter@589dd717, com.example.Fiaraamidy.config.JwtAuthFilter@27bfa57f, org.springframework.security.web.savedrequest.RequestCacheAwareFilter@1b61a646, org.springframework.security.web.servletapi.SecurityContextHolderAwareRequestFilter@38c840fb, org.springframework.security.web.authentication.AnonymousAuthenticationFilter@39b50027, org.springframework.security.web.session.SessionManagementFilter@7a273fd7, org.springframework.security.web.access.ExceptionTranslationFilter@66df2165, org.springframework.security.web.access.intercept.AuthorizationFilter@54c15e]
2024-03-03T19:15:12.888+03:00  INFO 11788 --- [ngodb.net:27017] org.mongodb.driver.cluster               : Monitor thread successfully connected to server with description ServerDescription{address=ac-gpkfj7n-shard-00-02.8unwrcn.mongodb.net:27017, type=REPLICA_SET_PRIMARY, state=CONNECTED, ok=true, minWireVersion=0, maxWireVersion=17, maxDocumentSize=16777216, logicalSessionTimeoutMinutes=30, roundTripTimeNanos=424780001, setName='atlas-12nx8u-shard-0', canonicalAddress=ac-gpkfj7n-shard-00-02.8unwrcn.mongodb.net:27017, hosts=[ac-gpkfj7n-shard-00-02.8unwrcn.mongodb.net:27017, ac-gpkfj7n-shard-00-00.8unwrcn.mongodb.net:27017, ac-gpkfj7n-shard-00-01.8unwrcn.mongodb.net:27017], passives=[], arbiters=[], primary='ac-gpkfj7n-shard-00-02.8unwrcn.mongodb.net:27017', tagSet=TagSet{[Tag{name='availabilityZone', value='afs1-az3'}, Tag{name='diskState', value='READY'}, Tag{name='nodeType', value='ELECTABLE'}, Tag{name='provider', value='AWS'}, Tag{name='region', value='AF_SOUTH_1'}, Tag{name='workloadType', value='OPERATIONAL'}]}, electionId=7fffffff000000000000003c, setVersion=3, topologyVersion=TopologyVersion{processId=65df78b2840f3e5ec882519e, counter=6}, lastWriteDate=Sun Mar 03 19:15:14 EAT 2024, lastUpdateTimeNanos=8677681832200}
2024-03-03T19:15:12.888+03:00  INFO 11788 --- [ngodb.net:27017] org.mongodb.driver.cluster               : Discovered replica set primary ac-gpkfj7n-shard-00-02.8unwrcn.mongodb.net:27017 with max election id 7fffffff000000000000003c and max set version 3
2024-03-03T19:15:12.969+03:00  INFO 11788 --- [           main] o.s.m.s.b.SimpleBrokerMessageHandler     : Starting...
2024-03-03T19:15:12.971+03:00  INFO 11788 --- [ngodb.net:27017] org.mongodb.driver.cluster               : Monitor thread successfully connected to server with description ServerDescription{address=ac-gpkfj7n-shard-00-01.8unwrcn.mongodb.net:27017, type=REPLICA_SET_SECONDARY, state=CONNECTED, ok=true, minWireVersion=0, maxWireVersion=17, maxDocumentSize=16777216, logicalSessionTimeoutMinutes=30, roundTripTimeNanos=425049600, setName='atlas-12nx8u-shard-0', canonicalAddress=ac-gpkfj7n-shard-00-01.8unwrcn.mongodb.net:27017, hosts=[ac-gpkfj7n-shard-00-02.8unwrcn.mongodb.net:27017, ac-gpkfj7n-shard-00-00.8unwrcn.mongodb.net:27017, ac-gpkfj7n-shard-00-01.8unwrcn.mongodb.net:27017], passives=[], arbiters=[], primary='ac-gpkfj7n-shard-00-02.8unwrcn.mongodb.net:27017', tagSet=TagSet{[Tag{name='availabilityZone', value='afs1-az2'}, Tag{name='diskState', value='READY'}, Tag{name='nodeType', value='ELECTABLE'}, Tag{name='provider', value='AWS'}, Tag{name='region', value='AF_SOUTH_1'}, Tag{name='workloadType', value='OPERATIONAL'}]}, electionId=null, setVersion=3, topologyVersion=TopologyVersion{processId=65df79042298a209ecfae92b, counter=3}, lastWriteDate=Sun Mar 03 19:15:14 EAT 2024, lastUpdateTimeNanos=8677764903699}
2024-03-03T19:15:12.973+03:00  INFO 11788 --- [           main] o.s.m.s.b.SimpleBrokerMessageHandler     : BrokerAvailabilityEvent[available=true, SimpleBrokerMessageHandler [org.springframework.messaging.simp.broker.DefaultSubscriptionRegistry@27828021]]
2024-03-03T19:15:12.973+03:00  INFO 11788 --- [           main] o.s.m.s.b.SimpleBrokerMessageHandler     : Started.
2024-03-03T19:15:12.982+03:00  INFO 11788 --- [           main] c.e.F.FiaraAmidyApplicationTests         : Started FiaraAmidyApplicationTests in 10.631 seconds (process running for 12.185)
]]></system-out>
  </testcase>
</testsuite>